# JRE version: OpenJDK Runtime Environment (17.0.7) (build 17.0.7+0-b2043.56-10550314)
# Java VM: OpenJDK 64-Bit Server VM (17.0.7+0-b2043.56-10550314, mixed mode, tiered, compressed oops, compressed class ptrs, g1 gc, windows-amd64)
GC Precious Log:
 CPUs: 16 total, 16 available
 Memory: 15774M
 Large Page Support: Disabled
 NUMA Support: Disabled
 Compressed Oops: Enabled (Zero based)
 Heap Region Size: 2M
 Heap Min Capacity: 8M
 Heap Initial Capacity: 248M
 Heap Max Capacity: 4G
 Pre-touch: Disabled
 Parallel Workers: 13
 Concurrent Workers: 3
 Concurrent Refinement Workers: 13
 Periodic GC: Disabled
Heap:
 garbage-first heap   total 372736K, used 218276K [0x0000000700000000, 0x0000000800000000)
  region size 2048K, 1 young (2048K), 1 survivors (2048K)
 Metaspace       used 106780K, committed 107648K, reserved 1179648K
  class space    used 14646K, committed 15040K, reserved 1048576K
GC Heap History (20 events):
Event: 57.106 GC heap after
{Heap after GC invocations=37 (full 0):
 garbage-first heap   total 159744K, used 81191K [0x0000000700000000, 0x0000000800000000)
  region size 2048K, 4 young (8192K), 4 survivors (8192K)
 Metaspace       used 92297K, committed 93056K, reserved 1179648K
  class space    used 12644K, committed 12992K, reserved 1048576K
}
Event: 57.998 GC heap before
{Heap before GC invocations=37 (full 0):
 garbage-first heap   total 159744K, used 126247K [0x0000000700000000, 0x0000000800000000)
  region size 2048K, 26 young (53248K), 4 survivors (8192K)
 Metaspace       used 94654K, committed 95360K, reserved 1179648K
  class space    used 13002K, committed 13312K, reserved 1048576K
}
Event: 58.008 GC heap after
{Heap after GC invocations=38 (full 0):
 garbage-first heap   total 159744K, used 85453K [0x0000000700000000, 0x0000000800000000)
  region size 2048K, 4 young (8192K), 4 survivors (8192K)
 Metaspace       used 94654K, committed 95360K, reserved 1179648K
  class space    used 13002K, committed 13312K, reserved 1048576K
}
Event: 59.209 GC heap before
{Heap before GC invocations=39 (full 0):
 garbage-first heap   total 159744K, used 128461K [0x0000000700000000, 0x0000000800000000)
  region size 2048K, 25 young (51200K), 4 survivors (8192K)
 Metaspace       used 99515K, committed 100352K, reserved 1179648K
  class space    used 13689K, committed 14080K, reserved 1048576K
}
Event: 59.218 GC heap after
{Heap after GC invocations=40 (full 0):
 garbage-first heap   total 159744K, used 89914K [0x0000000700000000, 0x0000000800000000)
  region size 2048K, 3 young (6144K), 3 survivors (6144K)
 Metaspace       used 99515K, committed 100352K, reserved 1179648K
  class space    used 13689K, committed 14080K, reserved 1048576K
}
Event: 60.134 GC heap before
{Heap before GC invocations=40 (full 0):
 garbage-first heap   total 159744K, used 128826K [0x0000000700000000, 0x0000000800000000)
  region size 2048K, 22 young (45056K), 3 survivors (6144K)
 Metaspace       used 101961K, committed 102784K, reserved 1179648K
  class space    used 13953K, committed 14336K, reserved 1048576K
}
Event: 60.143 GC heap after
{Heap after GC invocations=41 (full 0):
 garbage-first heap   total 159744K, used 95106K [0x0000000700000000, 0x0000000800000000)
  region size 2048K, 3 young (6144K), 3 survivors (6144K)
 Metaspace       used 101961K, committed 102784K, reserved 1179648K
  class space    used 13953K, committed 14336K, reserved 1048576K
}
Event: 69.635 GC heap before
{Heap before GC invocations=42 (full 0):
 garbage-first heap   total 167936K, used 129922K [0x0000000700000000, 0x0000000800000000)
  region size 2048K, 20 young (40960K), 3 survivors (6144K)
 Metaspace       used 103116K, committed 103936K, reserved 1179648K
  class space    used 14230K, committed 14592K, reserved 1048576K
}
Event: 69.648 GC heap after
{Heap after GC invocations=43 (full 0):
 garbage-first heap   total 167936K, used 97422K [0x0000000700000000, 0x0000000800000000)
  region size 2048K, 2 young (4096K), 2 survivors (4096K)
 Metaspace       used 103116K, committed 103936K, reserved 1179648K
  class space    used 14230K, committed 14592K, reserved 1048576K
}
Event: 71.144 GC heap before
{Heap before GC invocations=43 (full 0):
 garbage-first heap   total 167936K, used 132238K [0x0000000700000000, 0x0000000800000000)
  region size 2048K, 20 young (40960K), 2 survivors (4096K)
 Metaspace       used 104263K, committed 105088K, reserved 1179648K
  class space    used 14369K, committed 14720K, reserved 1048576K
}
Event: 71.150 GC heap after
{Heap after GC invocations=44 (full 0):
 garbage-first heap   total 167936K, used 99515K [0x0000000700000000, 0x0000000800000000)
  region size 2048K, 3 young (6144K), 3 survivors (6144K)
 Metaspace       used 104263K, committed 105088K, reserved 1179648K
  class space    used 14369K, committed 14720K, reserved 1048576K
}
Event: 71.892 GC heap before
{Heap before GC invocations=45 (full 0):
 garbage-first heap   total 188416K, used 126139K [0x0000000700000000, 0x0000000800000000)
  region size 2048K, 18 young (36864K), 3 survivors (6144K)
 Metaspace       used 106628K, committed 107520K, reserved 1179648K
  class space    used 14641K, committed 15040K, reserved 1048576K
}
Event: 71.901 GC heap after
{Heap after GC invocations=46 (full 0):
 garbage-first heap   total 188416K, used 102719K [0x0000000700000000, 0x0000000800000000)
  region size 2048K, 3 young (6144K), 3 survivors (6144K)
 Metaspace       used 106628K, committed 107520K, reserved 1179648K
  class space    used 14641K, committed 15040K, reserved 1048576K
}
Event: 71.943 GC heap before
{Heap before GC invocations=46 (full 0):
 garbage-first heap   total 188416K, used 176447K [0x0000000700000000, 0x0000000800000000)
  region size 2048K, 4 young (8192K), 3 survivors (6144K)
 Metaspace       used 106657K, committed 107520K, reserved 1179648K
  class space    used 14645K, committed 15040K, reserved 1048576K
}
Event: 71.950 GC heap after
{Heap after GC invocations=47 (full 0):
 garbage-first heap   total 188416K, used 177010K [0x0000000700000000, 0x0000000800000000)
  region size 2048K, 2 young (4096K), 2 survivors (4096K)
 Metaspace       used 106657K, committed 107520K, reserved 1179648K
  class space    used 14645K, committed 15040K, reserved 1048576K
}
Event: 71.982 GC heap before
{Heap before GC invocations=47 (full 0):
 garbage-first heap   total 188416K, used 181106K [0x0000000700000000, 0x0000000800000000)
  region size 2048K, 3 young (6144K), 2 survivors (4096K)
 Metaspace       used 106672K, committed 107584K, reserved 1179648K
  class space    used 14645K, committed 15040K, reserved 1048576K
}
Event: 71.997 GC heap after
{Heap after GC invocations=48 (full 0):
 garbage-first heap   total 190464K, used 181373K [0x0000000700000000, 0x0000000800000000)
  region size 2048K, 1 young (2048K), 1 survivors (2048K)
 Metaspace       used 106672K, committed 107584K, reserved 1179648K
  class space    used 14645K, committed 15040K, reserved 1048576K
}
Event: 72.083 GC heap before
{Heap before GC invocations=48 (full 0):
 garbage-first heap   total 190464K, used 183421K [0x0000000700000000, 0x0000000800000000)
  region size 2048K, 3 young (6144K), 1 survivors (2048K)
 Metaspace       used 106731K, committed 107584K, reserved 1179648K
  class space    used 14646K, committed 15040K, reserved 1048576K
}
Event: 72.088 GC heap after
{Heap after GC invocations=49 (full 0):
 garbage-first heap   total 190464K, used 181261K [0x0000000700000000, 0x0000000800000000)
  region size 2048K, 1 young (2048K), 1 survivors (2048K)
 Metaspace       used 106731K, committed 107584K, reserved 1179648K
  class space    used 14646K, committed 15040K, reserved 1048576K
}
Event: 72.176 GC heap before
{Heap before GC invocations=50 (full 0):
 garbage-first heap   total 372736K, used 222221K [0x0000000700000000, 0x0000000800000000)
  region size 2048K, 5 young (10240K), 1 survivors (2048K)
 Metaspace       used 106780K, committed 107648K, reserved 1179648K
  class space    used 14646K, committed 15040K, reserved 1048576K
}

